r3_kernel            INFO  Saving boot info
r3_kernel            INFO  Hello, kernel world!
r3_kernel::boot_proto INFO  Bootloader version: 0.10.9
r3_kernel::boot_proto INFO  RSDT Address: Some(1009872)
r3_kernel::boot_proto INFO  Memory offset: 0x18000000000
r3_kernel::boot_proto INFO  MemoryRegion { start: 0, end: 654336, kind: Bootloader }
r3_kernel::boot_proto INFO  MemoryRegion { start: 654336, end: 655360, kind: UnknownBios(2) }
r3_kernel::boot_proto INFO  MemoryRegion { start: 983040, end: 1048576, kind: UnknownBios(2) }
r3_kernel::boot_proto INFO  MemoryRegion { start: 1048576, end: 4538368, kind: Bootloader }
r3_kernel::boot_proto INFO  MemoryRegion { start: 4538368, end: 1073610752, kind: Usable }
r3_kernel::boot_proto INFO  MemoryRegion { start: 1073610752, end: 1073741824, kind: UnknownBios(2) }
r3_kernel::boot_proto INFO  MemoryRegion { start: 4278173696, end: 4278190080, kind: UnknownBios(2) }
r3_kernel::boot_proto INFO  MemoryRegion { start: 4294705152, end: 4294967296, kind: UnknownBios(2) }
r3_kernel::boot_proto INFO  Framebuffer info: width=640 height=480 bps=4 pixel_format=BGR
r3_kernel::cpu::segments DEBUG TSS descriptor high=0x0, low=0x89219bc90067
r3_kernel::cpu::segments DEBUG Verified Code Segment Register value: 0x8
r3_kernel::cpu::segments INFO  Initialized GDT.
r3_kernel::cpu::segments INFO  Initialized TSS.
r3_kernel::cpu::exceptions INFO  Prepared basic exceptions.
r3_kernel::cpu::exceptions INFO  Initialized Interrupt descriptor table.
r3_kernel::cpu::exceptions ERROR Breakpoint exception
Exception info: Exception Info {
    instruction_pointer: 2137761,
    code_segment: 8,
    cpu_flags: 6,
    stack_pointer: 549755891400,
    stack_segment: 0,
}
r3_kernel            DEBUG After breakpoint!
